  Beat.cpp
  Button.cpp
  Complex.cpp
  DSP.cpp
  GameCtrl.cpp
  HomeCtrl.cpp
  Image.cpp
  Input.cpp
  main.cpp
  MenuCtrl.cpp
  Object.cpp
  Pane.cpp
  Producer.cpp
  Rank.cpp
  RenderWindow.cpp
  SceneManager.cpp
  ScoreCtrl.cpp
  SelectBox.cpp
  SongData.cpp
  Sprite.cpp
  正在編譯...
  StartCtrl.cpp
  System.cpp
  Text.cpp
  TextInput.cpp
  正在產生程式碼
  Previous IPDB not found, fall back to full compilation.
  All 499 functions were compiled because no usable IPDB/IOBJ from previous compilation was found.
  已完成程式碼產生
  taiko.vcxproj -> C:\Users\DavidKing\source\repos\taiko\x64\Release\taiko.exe
